<?xml version="1.0" encoding="UTF-8"?>
<!-- Generated by org.testng.reporters.JUnitReportReporter -->
<testsuite skipped="25" hostname="LAPTOP-5MAFJ0A7" name="Tests.AllTests" tests="26" failures="0" timestamp="24 Mar 2019 22:36:47 GMT" time="15.442" errors="0">
  <testcase name="Gotothewebsiteclickcontactusthengoback" time="15.442" classname="Tests.AllTests"/>
  <testcase name="CreatingAcctInMyOrdersPageThenEnterPersonalInfo3ThenEnterFirstNameLstNameEmaillAddressPasswordandDOBThenPressReg" classname="Tests.AllTests">
    <skipped/>
  </testcase> <!-- CreatingAcctInMyOrdersPageThenEnterPersonalInfo3ThenEnterFirstNameLstNameEmaillAddressPasswordandDOBThenPressReg -->
  <testcase name="ClickSpecialsButtonAndSelectFromDropDownPriceHighestToLowest" classname="Tests.AllTests">
    <skipped/>
  </testcase> <!-- ClickSpecialsButtonAndSelectFromDropDownPriceHighestToLowest -->
  <testcase name="Clicking25OffBanner" classname="Tests.AllTests">
    <skipped/>
  </testcase> <!-- Clicking25OffBanner -->
  <testcase name="AddingTwoItemsToTheCartThenSearchingForJeans" classname="Tests.AllTests">
    <skipped/>
  </testcase> <!-- AddingTwoItemsToTheCartThenSearchingForJeans -->
  <testcase name="ClickingBestSellersButton" classname="Tests.AllTests">
    <skipped/>
  </testcase> <!-- ClickingBestSellersButton -->
  <testcase name="CreatingAcctInMyOrdersPageThenEnterPersonalInfo3ThenEnterTitleNameAndPressReg" classname="Tests.AllTests">
    <skipped/>
  </testcase> <!-- CreatingAcctInMyOrdersPageThenEnterPersonalInfo3ThenEnterTitleNameAndPressReg -->
  <testcase name="ClickingWomensBttn" classname="Tests.AllTests">
    <skipped/>
  </testcase> <!-- ClickingWomensBttn -->
  <testcase name="CreatingAccountInMyOrdersPageThenEnteringAddressAndPressingRegister" classname="Tests.AllTests">
    <skipped/>
  </testcase> <!-- CreatingAccountInMyOrdersPageThenEnteringAddressAndPressingRegister -->
  <testcase name="ClickingTshirtButton" classname="Tests.AllTests">
    <skipped/>
  </testcase> <!-- ClickingTshirtButton -->
  <testcase name="AddingFadedShortSleeveToCart" classname="Tests.AllTests">
    <skipped/>
  </testcase> <!-- AddingFadedShortSleeveToCart -->
  <testcase name="CreatingAccountInMyOrdersPageThenEnteringPersonalInfoThenFillingInAddressThenPressReg" classname="Tests.AllTests">
    <skipped/>
  </testcase> <!-- CreatingAccountInMyOrdersPageThenEnteringPersonalInfoThenFillingInAddressThenPressReg -->
  <testcase name="AddingPrintedDressToCart" classname="Tests.AllTests">
    <skipped/>
  </testcase> <!-- AddingPrintedDressToCart -->
  <testcase name="CreatingAcctInMyOrdersPageThenEnterPersonalInfo1" classname="Tests.AllTests">
    <skipped/>
  </testcase> <!-- CreatingAcctInMyOrdersPageThenEnterPersonalInfo1 -->
  <testcase name="EnterSubjectHeaderEmailAddressOrderReferenceEnterMessageInToBoxAndClickSendButton" classname="Tests.AllTests">
    <skipped/>
  </testcase> <!-- EnterSubjectHeaderEmailAddressOrderReferenceEnterMessageInToBoxAndClickSendButton -->
  <testcase name="CreatingAcctInMyOrdersPage" classname="Tests.AllTests">
    <skipped/>
  </testcase> <!-- CreatingAcctInMyOrdersPage -->
  <testcase name="CreatingAcctInMyOrdersPageThenEnterPersonalInfo3" classname="Tests.AllTests">
    <skipped/>
  </testcase> <!-- CreatingAcctInMyOrdersPageThenEnterPersonalInfo3 -->
  <testcase name="CreatingAcctInMyOrdersPageThenEnterPersonalInfo2" classname="Tests.AllTests">
    <skipped/>
  </testcase> <!-- CreatingAcctInMyOrdersPageThenEnterPersonalInfo2 -->
  <testcase name="SignUpForNewsletter" classname="Tests.AllTests">
    <skipped/>
  </testcase> <!-- SignUpForNewsletter -->
  <testcase name="FillSearchBoxWithTshirt" classname="Tests.AllTests">
    <skipped/>
  </testcase> <!-- FillSearchBoxWithTshirt -->
  <testcase name="gotothewebsiteclickcontactusthengobackandgototheyoutubelinkthengobackhomeandclickcontactusagian" classname="Tests.AllTests">
    <skipped/>
  </testcase> <!-- gotothewebsiteclickcontactusthengobackandgototheyoutubelinkthengobackhomeandclickcontactusagian -->
  <testcase name="FillsearchBoxwithBlouse" classname="Tests.AllTests">
    <skipped/>
  </testcase> <!-- FillsearchBoxwithBlouse -->
  <testcase name="ClickingContactUsButton" classname="Tests.AllTests">
    <skipped/>
  </testcase> <!-- ClickingContactUsButton -->
  <testcase name="EnterSubjectHeaderEmailAddressOrderReferenceAndClickSendButton" classname="Tests.AllTests">
    <skipped/>
  </testcase> <!-- EnterSubjectHeaderEmailAddressOrderReferenceAndClickSendButton -->
  <testcase name="EnterSubjectHeaderAndClickSendButton" classname="Tests.AllTests">
    <skipped/>
  </testcase> <!-- EnterSubjectHeaderAndClickSendButton -->
  <testcase name="ClickYoutubeLink" classname="Tests.AllTests">
    <skipped/>
  </testcase> <!-- ClickYoutubeLink -->
</testsuite> <!-- Tests.AllTests -->
