<?xml version="1.0" encoding="UTF-8"?>
<!-- Generated by org.testng.reporters.JUnitReportReporter -->
<testsuite skipped="0" hostname="LAPTOP-5MAFJ0A7" name="Pages.MainPage" tests="1" failures="0" timestamp="17 May 2019 01:12:32 GMT" time="14.211" errors="0">
  <testcase name="Testing" time="14.211" classname="Pages.MainPage"/>
</testsuite> <!-- Pages.MainPage -->
