<?xml version="1.0" encoding="UTF-8"?>
<!-- Generated by org.testng.reporters.JUnitReportReporter -->
<testsuite skipped="7" hostname="LAPTOP-5MAFJ0A7" name="Tests.TestHP" tests="21" failures="0" timestamp="20 Mar 2019 02:01:08 GMT" time="226.455" errors="0">
  <testcase name="ClickingWBttn" time="19.059" classname="Tests.TestHP"/>
  <testcase name="ClickSearchBoxWithoutTypingAnything" time="12.313" classname="Tests.TestHP"/>
  <testcase name="ActuallySearchingForTShirts" time="12.443" classname="Tests.TestHP"/>
  <testcase name="ActuallySearchingForBlouse" time="12.255" classname="Tests.TestHP"/>
  <testcase name="ClickingContactUS" time="14.836" classname="Tests.TestHP"/>
  <testcase name="ClickingOnABanner" time="15.422" classname="Tests.TestHP"/>
  <testcase name="ClickingBestSellers" time="12.241" classname="Tests.TestHP"/>
  <testcase name="AddingToCart1st4items" time="30.101" classname="Tests.TestHP"/>
  <testcase name="ClickingMyOrders" time="13.684" classname="Tests.TestHP"/>
  <testcase name="ClcikingNewProducts" time="13.232" classname="Tests.TestHP"/>
  <testcase name="ClickMensBanner" time="16.450" classname="Tests.TestHP"/>
  <testcase name="ClcikingWBttn" time="15.789" classname="Tests.TestHP"/>
  <testcase name="AddingSingleItemToCartThenPressingPlusBtn" time="19.190" classname="Tests.TestHP"/>
  <testcase name="AddingSingleItemToCartThenPressingProcedbtn" time="19.440" classname="Tests.TestHP"/>
  <testcase name="test17" classname="Tests.TestHP">
    <skipped/>
  </testcase> <!-- test17 -->
  <testcase name="ClcikingtShirtbttn" classname="Tests.TestHP">
    <skipped/>
  </testcase> <!-- ClcikingtShirtbttn -->
  <testcase name="test21" classname="Tests.TestHP">
    <skipped/>
  </testcase> <!-- test21 -->
  <testcase name="Selecting1stOptionUnderDresses" classname="Tests.TestHP">
    <skipped/>
  </testcase> <!-- Selecting1stOptionUnderDresses -->
  <testcase name="test20" classname="Tests.TestHP">
    <skipped/>
  </testcase> <!-- test20 -->
  <testcase name="test19" classname="Tests.TestHP">
    <skipped/>
  </testcase> <!-- test19 -->
  <testcase name="test18" classname="Tests.TestHP">
    <skipped/>
  </testcase> <!-- test18 -->
</testsuite> <!-- Tests.TestHP -->
