<?xml version="1.0" encoding="UTF-8"?>
<!-- Generated by org.testng.reporters.JUnitReportReporter -->
<testsuite skipped="9" hostname="LAPTOP-5MAFJ0A7" name="Test.AllTests" tests="10" failures="0" timestamp="19 Jul 2019 01:10:31 GMT" time="18.363" errors="0">
  <testcase name="ControlGroupTest" time="18.363" classname="Test.AllTests"/>
  <testcase name="AutocompleteTest" classname="Test.AllTests">
    <skipped/>
  </testcase> <!-- AutocompleteTest -->
  <testcase name="SortableTest" classname="Test.AllTests">
    <skipped/>
  </testcase> <!-- SortableTest -->
  <testcase name="DraggableTest" classname="Test.AllTests">
    <skipped/>
  </testcase> <!-- DraggableTest -->
  <testcase name="ButtonTest" classname="Test.AllTests">
    <skipped/>
  </testcase> <!-- ButtonTest -->
  <testcase name="DroppableTest" classname="Test.AllTests">
    <skipped/>
  </testcase> <!-- DroppableTest -->
  <testcase name="CheckBoxRadioTest" classname="Test.AllTests">
    <skipped/>
  </testcase> <!-- CheckBoxRadioTest -->
  <testcase name="ResizeableTest" classname="Test.AllTests">
    <skipped/>
  </testcase> <!-- ResizeableTest -->
  <testcase name="AccodianTest" classname="Test.AllTests">
    <skipped/>
  </testcase> <!-- AccodianTest -->
  <testcase name="SelectableTest" classname="Test.AllTests">
    <skipped/>
  </testcase> <!-- SelectableTest -->
</testsuite> <!-- Test.AllTests -->
